<?xml version="1.0" encoding="UTF-8"?>
<testng-results ignored="0" total="1" passed="1" failed="0" skipped="0">
  <reporter-output>
  </reporter-output>
  <suite started-at="2020-09-12T08:51:50 CDT" name="Default suite" finished-at="2020-09-12T08:51:51 CDT" duration-ms="169">
    <groups>
    </groups>
    <test started-at="2020-09-12T08:51:50 CDT" name="Default test" finished-at="2020-09-12T08:51:51 CDT" duration-ms="169">
      <class name="CoolTestersSep.Selenium.AppTest">
        <test-method signature="shouldAnswerWithTrue()[pri:0, instance:CoolTestersSep.Selenium.AppTest@60704c]" started-at="2020-09-12T08:51:51 CDT" name="shouldAnswerWithTrue" finished-at="2020-09-12T08:51:51 CDT" duration-ms="38" status="PASS">
          <reporter-output>
          </reporter-output>
        </test-method> <!-- shouldAnswerWithTrue -->
      </class> <!-- CoolTestersSep.Selenium.AppTest -->
    </test> <!-- Default test -->
  </suite> <!-- Default suite -->
</testng-results>
